[0.451s] DEBUG:colcon:Command line arguments: ['/usr/bin/colcon', 'build']
[0.451s] DEBUG:colcon:Parsed command line arguments: Namespace(log_base=None, log_level=None, verb_name='build', build_base='build', install_base='install', merge_install=False, symlink_install=False, test_result_base=None, continue_on_error=False, executor='parallel', parallel_workers=16, event_handlers=None, ignore_user_meta=False, metas=['./colcon.meta'], base_paths=['.'], packages_ignore=None, packages_ignore_regex=None, paths=None, packages_up_to=None, packages_up_to_regex=None, packages_above=None, packages_above_and_dependencies=None, packages_above_depth=None, packages_select_by_dep=None, packages_skip_by_dep=None, packages_skip_up_to=None, packages_select_build_failed=False, packages_skip_build_finished=False, packages_select_test_failures=False, packages_skip_test_passed=False, packages_select=None, packages_skip=None, packages_select_regex=None, packages_skip_regex=None, packages_start=None, packages_end=None, allow_overriding=[], cmake_args=None, cmake_target=None, cmake_target_skip_unavailable=False, cmake_clean_cache=False, cmake_clean_first=False, cmake_force_configure=False, ament_cmake_args=None, catkin_cmake_args=None, catkin_skip_building_tests=False, verb_parser=<colcon_defaults.argument_parser.defaults.DefaultArgumentsDecorator object at 0x71214b73fbe0>, verb_extension=<colcon_core.verb.build.BuildVerb object at 0x71214b73fd60>, main=<bound method BuildVerb.main of <colcon_core.verb.build.BuildVerb object at 0x71214b73fd60>>)
[0.473s] Level 1:colcon.colcon_core.package_discovery:discover_packages(colcon_meta) check parameters
[0.473s] Level 1:colcon.colcon_core.package_discovery:discover_packages(recursive) check parameters
[0.473s] Level 1:colcon.colcon_core.package_discovery:discover_packages(ignore) check parameters
[0.473s] Level 1:colcon.colcon_core.package_discovery:discover_packages(path) check parameters
[0.473s] Level 1:colcon.colcon_core.package_discovery:discover_packages(colcon_meta) discover
[0.473s] Level 1:colcon.colcon_core.package_discovery:discover_packages(recursive) discover
[0.473s] INFO:colcon.colcon_core.package_discovery:Crawling recursively for packages in '/home/controlslab/Ros2_Midterm'
[0.473s] Level 1:colcon.colcon_core.package_identification:_identify(.) by extensions ['ignore', 'ignore_ament_install']
[0.473s] Level 1:colcon.colcon_core.package_identification:_identify(.) by extension 'ignore'
[0.473s] Level 1:colcon.colcon_core.package_identification:_identify(.) by extension 'ignore_ament_install'
[0.473s] Level 1:colcon.colcon_core.package_identification:_identify(.) by extensions ['colcon_pkg']
[0.473s] Level 1:colcon.colcon_core.package_identification:_identify(.) by extension 'colcon_pkg'
[0.473s] Level 1:colcon.colcon_core.package_identification:_identify(.) by extensions ['colcon_meta']
[0.473s] Level 1:colcon.colcon_core.package_identification:_identify(.) by extension 'colcon_meta'
[0.473s] Level 1:colcon.colcon_core.package_identification:_identify(.) by extensions ['ros']
[0.473s] Level 1:colcon.colcon_core.package_identification:_identify(.) by extension 'ros'
[0.480s] Level 1:colcon.colcon_core.package_identification:_identify(.) by extensions ['cmake', 'python']
[0.480s] Level 1:colcon.colcon_core.package_identification:_identify(.) by extension 'cmake'
[0.480s] Level 1:colcon.colcon_core.package_identification:_identify(.) by extension 'python'
[0.480s] Level 1:colcon.colcon_core.package_identification:_identify(.) by extensions ['python_setup_py']
[0.480s] Level 1:colcon.colcon_core.package_identification:_identify(.) by extension 'python_setup_py'
[0.480s] Level 1:colcon.colcon_core.package_identification:_identify(build) by extensions ['ignore', 'ignore_ament_install']
[0.480s] Level 1:colcon.colcon_core.package_identification:_identify(build) by extension 'ignore'
[0.480s] Level 1:colcon.colcon_core.package_identification:_identify(build) ignored
[0.480s] Level 1:colcon.colcon_core.package_identification:_identify(install) by extensions ['ignore', 'ignore_ament_install']
[0.480s] Level 1:colcon.colcon_core.package_identification:_identify(install) by extension 'ignore'
[0.480s] Level 1:colcon.colcon_core.package_identification:_identify(install) ignored
[0.480s] Level 1:colcon.colcon_core.package_identification:_identify(log) by extensions ['ignore', 'ignore_ament_install']
[0.480s] Level 1:colcon.colcon_core.package_identification:_identify(log) by extension 'ignore'
[0.480s] Level 1:colcon.colcon_core.package_identification:_identify(log) ignored
[0.480s] Level 1:colcon.colcon_core.package_identification:_identify(src) by extensions ['ignore', 'ignore_ament_install']
[0.480s] Level 1:colcon.colcon_core.package_identification:_identify(src) by extension 'ignore'
[0.480s] Level 1:colcon.colcon_core.package_identification:_identify(src) by extension 'ignore_ament_install'
[0.480s] Level 1:colcon.colcon_core.package_identification:_identify(src) by extensions ['colcon_pkg']
[0.480s] Level 1:colcon.colcon_core.package_identification:_identify(src) by extension 'colcon_pkg'
[0.481s] Level 1:colcon.colcon_core.package_identification:_identify(src) by extensions ['colcon_meta']
[0.481s] Level 1:colcon.colcon_core.package_identification:_identify(src) by extension 'colcon_meta'
[0.481s] Level 1:colcon.colcon_core.package_identification:_identify(src) by extensions ['ros']
[0.481s] Level 1:colcon.colcon_core.package_identification:_identify(src) by extension 'ros'
[0.481s] Level 1:colcon.colcon_core.package_identification:_identify(src) by extensions ['cmake', 'python']
[0.481s] Level 1:colcon.colcon_core.package_identification:_identify(src) by extension 'cmake'
[0.481s] Level 1:colcon.colcon_core.package_identification:_identify(src) by extension 'python'
[0.481s] Level 1:colcon.colcon_core.package_identification:_identify(src) by extensions ['python_setup_py']
[0.481s] Level 1:colcon.colcon_core.package_identification:_identify(src) by extension 'python_setup_py'
[0.481s] Level 1:colcon.colcon_core.package_identification:_identify(src/Ros2_Midterm) by extensions ['ignore', 'ignore_ament_install']
[0.481s] Level 1:colcon.colcon_core.package_identification:_identify(src/Ros2_Midterm) by extension 'ignore'
[0.481s] Level 1:colcon.colcon_core.package_identification:_identify(src/Ros2_Midterm) by extension 'ignore_ament_install'
[0.481s] Level 1:colcon.colcon_core.package_identification:_identify(src/Ros2_Midterm) by extensions ['colcon_pkg']
[0.481s] Level 1:colcon.colcon_core.package_identification:_identify(src/Ros2_Midterm) by extension 'colcon_pkg'
[0.481s] Level 1:colcon.colcon_core.package_identification:_identify(src/Ros2_Midterm) by extensions ['colcon_meta']
[0.481s] Level 1:colcon.colcon_core.package_identification:_identify(src/Ros2_Midterm) by extension 'colcon_meta'
[0.481s] Level 1:colcon.colcon_core.package_identification:_identify(src/Ros2_Midterm) by extensions ['ros']
[0.481s] Level 1:colcon.colcon_core.package_identification:_identify(src/Ros2_Midterm) by extension 'ros'
[0.482s] DEBUG:colcon.colcon_core.package_identification:Package 'src/Ros2_Midterm' with type 'ros.ament_python' and name 'Ros2_Midterm'
[0.482s] Level 1:colcon.colcon_core.package_discovery:discover_packages(recursive) using defaults
[0.482s] Level 1:colcon.colcon_core.package_discovery:discover_packages(ignore) discover
[0.482s] Level 1:colcon.colcon_core.package_discovery:discover_packages(ignore) using defaults
[0.482s] Level 1:colcon.colcon_core.package_discovery:discover_packages(path) discover
[0.482s] Level 1:colcon.colcon_core.package_discovery:discover_packages(path) using defaults
[0.535s] Level 1:colcon.colcon_core.package_discovery:discover_packages(prefix_path) check parameters
[0.535s] Level 1:colcon.colcon_core.package_discovery:discover_packages(prefix_path) discover
[0.546s] WARNING:colcon.colcon_core.prefix_path.colcon:The path '/home/controlslab/create3_tutorial_ws/install' in the environment variable COLCON_PREFIX_PATH doesn't exist
[0.547s] WARNING:colcon.colcon_ros.prefix_path.ament:The path '/home/controlslab/create3_tutorial_ws/install/create_tutorial_package' in the environment variable AMENT_PREFIX_PATH doesn't exist
[0.557s] DEBUG:colcon.colcon_installed_package_information.package_discovery:Found 0 installed packages in /home/controlslab/Ros2_Midterm/install
[0.563s] DEBUG:colcon.colcon_installed_package_information.package_discovery:Found 1 installed packages in /home/controlslab/khushant/install
[0.570s] DEBUG:colcon.colcon_installed_package_information.package_discovery:Found 281 installed packages in /opt/ros/humble
[0.570s] Level 1:colcon.colcon_core.package_discovery:discover_packages(prefix_path) using defaults
[0.621s] Level 5:colcon.colcon_core.verb:set package 'Ros2_Midterm' build argument 'cmake_args' from command line to 'None'
[0.622s] Level 5:colcon.colcon_core.verb:set package 'Ros2_Midterm' build argument 'cmake_target' from command line to 'None'
[0.622s] Level 5:colcon.colcon_core.verb:set package 'Ros2_Midterm' build argument 'cmake_target_skip_unavailable' from command line to 'False'
[0.622s] Level 5:colcon.colcon_core.verb:set package 'Ros2_Midterm' build argument 'cmake_clean_cache' from command line to 'False'
[0.622s] Level 5:colcon.colcon_core.verb:set package 'Ros2_Midterm' build argument 'cmake_clean_first' from command line to 'False'
[0.622s] Level 5:colcon.colcon_core.verb:set package 'Ros2_Midterm' build argument 'cmake_force_configure' from command line to 'False'
[0.622s] Level 5:colcon.colcon_core.verb:set package 'Ros2_Midterm' build argument 'ament_cmake_args' from command line to 'None'
[0.622s] Level 5:colcon.colcon_core.verb:set package 'Ros2_Midterm' build argument 'catkin_cmake_args' from command line to 'None'
[0.622s] Level 5:colcon.colcon_core.verb:set package 'Ros2_Midterm' build argument 'catkin_skip_building_tests' from command line to 'False'
[0.622s] DEBUG:colcon.colcon_core.verb:Building package 'Ros2_Midterm' with the following arguments: {'ament_cmake_args': None, 'build_base': '/home/controlslab/Ros2_Midterm/build/Ros2_Midterm', 'catkin_cmake_args': None, 'catkin_skip_building_tests': False, 'cmake_args': None, 'cmake_clean_cache': False, 'cmake_clean_first': False, 'cmake_force_configure': False, 'cmake_target': None, 'cmake_target_skip_unavailable': False, 'install_base': '/home/controlslab/Ros2_Midterm/install/Ros2_Midterm', 'merge_install': False, 'path': '/home/controlslab/Ros2_Midterm/src/Ros2_Midterm', 'symlink_install': False, 'test_result_base': None}
[0.628s] INFO:colcon.colcon_core.executor:Executing jobs using 'parallel' executor
[0.634s] DEBUG:colcon.colcon_parallel_executor.executor.parallel:run_until_complete
[0.634s] INFO:colcon.colcon_ros.task.ament_python.build:Building ROS package in '/home/controlslab/Ros2_Midterm/src/Ros2_Midterm' with build type 'ament_python'
[0.635s] Level 1:colcon.colcon_core.shell:create_environment_hook('Ros2_Midterm', 'ament_prefix_path')
[0.642s] INFO:colcon.colcon_core.plugin_system:Skipping extension 'colcon_core.shell.bat': Not used on non-Windows systems
[0.642s] INFO:colcon.colcon_core.shell:Creating environment hook '/home/controlslab/Ros2_Midterm/install/Ros2_Midterm/share/Ros2_Midterm/hook/ament_prefix_path.ps1'
[0.643s] INFO:colcon.colcon_core.shell:Creating environment descriptor '/home/controlslab/Ros2_Midterm/install/Ros2_Midterm/share/Ros2_Midterm/hook/ament_prefix_path.dsv'
[0.643s] INFO:colcon.colcon_core.shell:Creating environment hook '/home/controlslab/Ros2_Midterm/install/Ros2_Midterm/share/Ros2_Midterm/hook/ament_prefix_path.sh'
[0.649s] INFO:colcon.colcon_core.shell:Skip shell extension 'powershell' for command environment: Not usable outside of PowerShell
[0.649s] DEBUG:colcon.colcon_core.shell:Skip shell extension 'dsv' for command environment
[0.827s] INFO:colcon.colcon_core.task.python.build:Building Python package in '/home/controlslab/Ros2_Midterm/src/Ros2_Midterm'
[0.834s] INFO:colcon.colcon_core.shell:Skip shell extension 'powershell' for command environment: Not usable outside of PowerShell
[0.834s] DEBUG:colcon.colcon_core.shell:Skip shell extension 'dsv' for command environment
[1.053s] DEBUG:colcon.colcon_core.event_handler.log_command:Invoking command in '/home/controlslab/Ros2_Midterm/src/Ros2_Midterm': PYTHONPATH=/home/controlslab/Ros2_Midterm/build/Ros2_Midterm/prefix_override:/home/controlslab/Ros2_Midterm/install/Ros2_Midterm/lib/python3.10/site-packages:${PYTHONPATH} /usr/bin/python3 setup.py egg_info --egg-base ../../build/Ros2_Midterm build --build-base /home/controlslab/Ros2_Midterm/build/Ros2_Midterm/build install --record /home/controlslab/Ros2_Midterm/build/Ros2_Midterm/install.log --single-version-externally-managed
[1.223s] DEBUG:colcon.colcon_core.event_handler.log_command:Invoked command in '/home/controlslab/Ros2_Midterm/src/Ros2_Midterm' returned '0': PYTHONPATH=/home/controlslab/Ros2_Midterm/build/Ros2_Midterm/prefix_override:/home/controlslab/Ros2_Midterm/install/Ros2_Midterm/lib/python3.10/site-packages:${PYTHONPATH} /usr/bin/python3 setup.py egg_info --egg-base ../../build/Ros2_Midterm build --build-base /home/controlslab/Ros2_Midterm/build/Ros2_Midterm/build install --record /home/controlslab/Ros2_Midterm/build/Ros2_Midterm/install.log --single-version-externally-managed
[1.230s] Level 1:colcon.colcon_core.environment:checking '/home/controlslab/Ros2_Midterm/install/Ros2_Midterm' for CMake module files
[1.230s] Level 1:colcon.colcon_core.environment:checking '/home/controlslab/Ros2_Midterm/install/Ros2_Midterm' for CMake config files
[1.231s] Level 1:colcon.colcon_core.environment:checking '/home/controlslab/Ros2_Midterm/install/Ros2_Midterm/lib'
[1.231s] Level 1:colcon.colcon_core.environment:checking '/home/controlslab/Ros2_Midterm/install/Ros2_Midterm/bin'
[1.231s] Level 1:colcon.colcon_core.environment:checking '/home/controlslab/Ros2_Midterm/install/Ros2_Midterm/lib/pkgconfig/Ros2_Midterm.pc'
[1.231s] Level 1:colcon.colcon_core.environment:checking '/home/controlslab/Ros2_Midterm/install/Ros2_Midterm/lib/python3.10/site-packages'
[1.231s] Level 1:colcon.colcon_core.shell:create_environment_hook('Ros2_Midterm', 'pythonpath')
[1.238s] INFO:colcon.colcon_core.shell:Creating environment hook '/home/controlslab/Ros2_Midterm/install/Ros2_Midterm/share/Ros2_Midterm/hook/pythonpath.ps1'
[1.238s] INFO:colcon.colcon_core.shell:Creating environment descriptor '/home/controlslab/Ros2_Midterm/install/Ros2_Midterm/share/Ros2_Midterm/hook/pythonpath.dsv'
[1.238s] INFO:colcon.colcon_core.shell:Creating environment hook '/home/controlslab/Ros2_Midterm/install/Ros2_Midterm/share/Ros2_Midterm/hook/pythonpath.sh'
[1.239s] Level 1:colcon.colcon_core.environment:checking '/home/controlslab/Ros2_Midterm/install/Ros2_Midterm/bin'
[1.239s] Level 1:colcon.colcon_core.environment:create_environment_scripts_only(Ros2_Midterm)
[1.245s] INFO:colcon.colcon_core.shell:Creating package script '/home/controlslab/Ros2_Midterm/install/Ros2_Midterm/share/Ros2_Midterm/package.ps1'
[1.246s] INFO:colcon.colcon_core.shell:Creating package descriptor '/home/controlslab/Ros2_Midterm/install/Ros2_Midterm/share/Ros2_Midterm/package.dsv'
[1.246s] INFO:colcon.colcon_core.shell:Creating package script '/home/controlslab/Ros2_Midterm/install/Ros2_Midterm/share/Ros2_Midterm/package.sh'
[1.246s] INFO:colcon.colcon_core.shell:Creating package script '/home/controlslab/Ros2_Midterm/install/Ros2_Midterm/share/Ros2_Midterm/package.bash'
[1.247s] INFO:colcon.colcon_core.shell:Creating package script '/home/controlslab/Ros2_Midterm/install/Ros2_Midterm/share/Ros2_Midterm/package.zsh'
[1.247s] Level 1:colcon.colcon_core.environment:create_file_with_runtime_dependencies(/home/controlslab/Ros2_Midterm/install/Ros2_Midterm/share/colcon-core/packages/Ros2_Midterm)
[1.247s] DEBUG:colcon.colcon_parallel_executor.executor.parallel:closing loop
[1.247s] DEBUG:colcon.colcon_parallel_executor.executor.parallel:loop closed
[1.247s] DEBUG:colcon.colcon_parallel_executor.executor.parallel:run_until_complete finished with '0'
[1.247s] DEBUG:colcon.colcon_core.event_reactor:joining thread
[1.262s] INFO:colcon.colcon_core.plugin_system:Skipping extension 'colcon_notification.desktop_notification.terminal_notifier': Not used on non-Darwin systems
[1.262s] INFO:colcon.colcon_core.plugin_system:Skipping extension 'colcon_notification.desktop_notification.win32': Not used on non-Windows systems
[1.263s] INFO:colcon.colcon_notification.desktop_notification:Sending desktop notification using 'notify2'
[1.273s] DEBUG:colcon.colcon_core.event_reactor:joined thread
[1.282s] INFO:colcon.colcon_core.shell:Creating prefix script '/home/controlslab/Ros2_Midterm/install/local_setup.ps1'
[1.282s] INFO:colcon.colcon_core.shell:Creating prefix util module '/home/controlslab/Ros2_Midterm/install/_local_setup_util_ps1.py'
[1.283s] INFO:colcon.colcon_core.shell:Creating prefix chain script '/home/controlslab/Ros2_Midterm/install/setup.ps1'
[1.291s] INFO:colcon.colcon_core.shell:Creating prefix script '/home/controlslab/Ros2_Midterm/install/local_setup.sh'
[1.292s] INFO:colcon.colcon_core.shell:Creating prefix util module '/home/controlslab/Ros2_Midterm/install/_local_setup_util_sh.py'
[1.292s] INFO:colcon.colcon_core.shell:Creating prefix chain script '/home/controlslab/Ros2_Midterm/install/setup.sh'
[1.300s] INFO:colcon.colcon_core.shell:Creating prefix script '/home/controlslab/Ros2_Midterm/install/local_setup.bash'
[1.301s] INFO:colcon.colcon_core.shell:Creating prefix chain script '/home/controlslab/Ros2_Midterm/install/setup.bash'
[1.309s] INFO:colcon.colcon_core.shell:Creating prefix script '/home/controlslab/Ros2_Midterm/install/local_setup.zsh'
[1.310s] INFO:colcon.colcon_core.shell:Creating prefix chain script '/home/controlslab/Ros2_Midterm/install/setup.zsh'
