[0.417s] Invoking command in '/home/controlslab/Ros2_Midterm/src/Ros2_Midterm': PYTHONPATH=/home/controlslab/Ros2_Midterm/build/Ros2_Midterm/prefix_override:/home/controlslab/Ros2_Midterm/install/Ros2_Midterm/lib/python3.10/site-packages:${PYTHONPATH} /usr/bin/python3 setup.py egg_info --egg-base ../../build/Ros2_Midterm build --build-base /home/controlslab/Ros2_Midterm/build/Ros2_Midterm/build install --record /home/controlslab/Ros2_Midterm/build/Ros2_Midterm/install.log --single-version-externally-managed
[0.554s] running egg_info
[0.555s] writing ../../build/Ros2_Midterm/Ros2_Midterm.egg-info/PKG-INFO
[0.555s] writing dependency_links to ../../build/Ros2_Midterm/Ros2_Midterm.egg-info/dependency_links.txt
[0.555s] writing entry points to ../../build/Ros2_Midterm/Ros2_Midterm.egg-info/entry_points.txt
[0.555s] writing requirements to ../../build/Ros2_Midterm/Ros2_Midterm.egg-info/requires.txt
[0.555s] writing top-level names to ../../build/Ros2_Midterm/Ros2_Midterm.egg-info/top_level.txt
[0.556s] reading manifest file '../../build/Ros2_Midterm/Ros2_Midterm.egg-info/SOURCES.txt'
[0.556s] writing manifest file '../../build/Ros2_Midterm/Ros2_Midterm.egg-info/SOURCES.txt'
[0.557s] running build
[0.557s] running build_py
[0.557s] running install
[0.557s] running install_lib
[0.558s] running install_data
[0.558s] running install_egg_info
[0.559s] removing '/home/controlslab/Ros2_Midterm/install/Ros2_Midterm/lib/python3.10/site-packages/Ros2_Midterm-0.0.0-py3.10.egg-info' (and everything under it)
[0.559s] Copying ../../build/Ros2_Midterm/Ros2_Midterm.egg-info to /home/controlslab/Ros2_Midterm/install/Ros2_Midterm/lib/python3.10/site-packages/Ros2_Midterm-0.0.0-py3.10.egg-info
[0.560s] running install_scripts
[0.571s] writing list of installed files to '/home/controlslab/Ros2_Midterm/build/Ros2_Midterm/install.log'
[0.584s] Invoked command in '/home/controlslab/Ros2_Midterm/src/Ros2_Midterm' returned '0': PYTHONPATH=/home/controlslab/Ros2_Midterm/build/Ros2_Midterm/prefix_override:/home/controlslab/Ros2_Midterm/install/Ros2_Midterm/lib/python3.10/site-packages:${PYTHONPATH} /usr/bin/python3 setup.py egg_info --egg-base ../../build/Ros2_Midterm build --build-base /home/controlslab/Ros2_Midterm/build/Ros2_Midterm/build install --record /home/controlslab/Ros2_Midterm/build/Ros2_Midterm/install.log --single-version-externally-managed
